  pch.cpp
  Camera.cpp
  Color.cpp
  Light.cpp
  main.cpp
  class template optional is only available with C++17 or later.
d:\dev\c++\path tracer\path tracer\renderer.h(25): error C2143: syntax error: missing ';' before '<'
d:\dev\c++\path tracer\path tracer\renderer.h(25): error C4430: missing type specifier - int assumed. Note: C++ does not support default-int
d:\dev\c++\path tracer\path tracer\renderer.h(25): error C2238: unexpected token(s) preceding ';'
d:\dev\c++\path tracer\path tracer\main.cpp(52): warning C4018: '<': signed/unsigned mismatch
d:\dev\c++\path tracer\path tracer\main.cpp(60): warning C4018: '<': signed/unsigned mismatch
  Material.cpp
  Ray.cpp
  Renderer.cpp
  class template optional is only available with C++17 or later.
d:\dev\c++\path tracer\path tracer\renderer.h(25): error C2143: syntax error: missing ';' before '<'
d:\dev\c++\path tracer\path tracer\renderer.h(25): error C4430: missing type specifier - int assumed. Note: C++ does not support default-int
d:\dev\c++\path tracer\path tracer\renderer.h(25): error C2238: unexpected token(s) preceding ';'
d:\dev\c++\path tracer\path tracer\renderer.cpp(27): error C2065: 'optional': undeclared identifier
d:\dev\c++\path tracer\path tracer\renderer.cpp(27): error C2275: 'IntersectionData': illegal use of this type as an expression
  d:\dev\c++\path tracer\path tracer\renderer.h(11): note: see declaration of 'IntersectionData'
d:\dev\c++\path tracer\path tracer\renderer.cpp(27): error C2065: 'result': undeclared identifier
d:\dev\c++\path tracer\path tracer\renderer.cpp(27): error C2039: 'ClosestIntersection': is not a member of 'Renderer'
  d:\dev\c++\path tracer\path tracer\renderer.h(16): note: see declaration of 'Renderer'
d:\dev\c++\path tracer\path tracer\renderer.cpp(28): error C2065: 'result': undeclared identifier
d:\dev\c++\path tracer\path tracer\renderer.cpp(32): error C2065: 'result': undeclared identifier
d:\dev\c++\path tracer\path tracer\renderer.cpp(33): error C2065: 'result': undeclared identifier
d:\dev\c++\path tracer\path tracer\renderer.cpp(48): warning C4552: '<': result of expression not used
d:\dev\c++\path tracer\path tracer\renderer.cpp(64): error C2143: syntax error: missing ';' before '<'
d:\dev\c++\path tracer\path tracer\renderer.cpp(64): error C4430: missing type specifier - int assumed. Note: C++ does not support default-int
d:\dev\c++\path tracer\path tracer\renderer.cpp(64): error C2039: 'ClosestIntersection': is not a member of 'Renderer'
  d:\dev\c++\path tracer\path tracer\renderer.h(16): note: see declaration of 'Renderer'
d:\dev\c++\path tracer\path tracer\renderer.cpp(64): error C2143: syntax error: missing ';' before '{'
d:\dev\c++\path tracer\path tracer\renderer.cpp(64): error C2447: '{': missing function header (old-style formal list?)
  Scene.cpp
d:\dev\c++\path tracer\path tracer\scene.cpp(17): warning C4018: '<': signed/unsigned mismatch
d:\dev\c++\path tracer\path tracer\scene.cpp(22): warning C4018: '<': signed/unsigned mismatch
d:\dev\c++\path tracer\path tracer\scene.cpp(30): warning C4018: '<': signed/unsigned mismatch
  Skybox.cpp
  Sphere.cpp
  class template optional is only available with C++17 or later.
  Triangle.cpp
d:\dev\c++\path tracer\path tracer\triangle.cpp(26): warning C4244: 'initializing': conversion from 'double' to 'float', possible loss of data
